#
# A fatal error has been detected by the Java Runtime Environment:
#
#  EXCEPTION_ACCESS_VIOLATION (0xc0000005) at pc=0x00007ffab007b661, pid=7864, tid=8384
#
# JRE version: Java(TM) SE Runtime Environment (24.0+36) (build 24+36-3646)
# Java VM: Java HotSpot(TM) 64-Bit Server VM (24+36-3646, mixed mode, sharing, tiered, compressed oops, compressed class ptrs, g1 gc, windows-amd64)
# Problematic frame:
# C  [awt.dll+0xdb661]
#
# No core dump will be written. Minidumps are not enabled by default on client versions of Windows
#
# If you would like to submit a bug report, please visit:
#   https://bugreport.java.com/bugreport/crash.jsp
# The crash happened outside the Java Virtual Machine in native code.
# See problematic frame for where to report the bug.
#

---------------  S U M M A R Y ------------

Command Line: -Dfile.encoding=UTF-8 --module-path=C:\Users\PC\Documents\NetBeansProjects\Main System\build\classes main.system.MainSystem

Host: Intel(R) Pentium(R) Silver N5000 CPU @ 1.10GHz, 4 cores, 11G,  Windows 11 , 64 bit Build 26100 (10.0.26100.3323)
Time: Tue Apr  8 00:21:23 2025 Malay Peninsula Standard Time elapsed time: 20.013199 seconds (0d 0h 0m 20s)

---------------  T H R E A D  ---------------

Current thread (0x00000277df3c4ac0):  JavaThread "AWT-Windows" daemon [_thread_in_native, id=8384, stack(0x000000ad6d700000,0x000000ad6d800000) (1024K)]

Stack: [0x000000ad6d700000,0x000000ad6d800000],  sp=0x000000ad6d7fe8a0,  free space=1018k
Native frames: (J=compiled Java code, j=interpreted, Vv=VM code, C=native code)
C  [awt.dll+0xdb661]  (no source info available)
C  [awt.dll+0x975ac]  (no source info available)
C  [awt.dll+0x97656]  (no source info available)
C  [awt.dll+0x94a26]  (no source info available)
C  [awt.dll+0xdfa4c]  (no source info available)
C  [awt.dll+0xb0a7d]  (no source info available)
C  [awt.dll+0x97b8d]  (no source info available)
C  [USER32.dll+0xb643]  (no source info available)
C  [USER32.dll+0xaf5c]  (no source info available)
C  [awt.dll+0x161c3]  (no source info available)
C  [COMCTL32.dll+0x24b38]  (no source info available)
C  [COMCTL32.dll+0x2490f]  (no source info available)
C  [USER32.dll+0xb643]  (no source info available)
C  [USER32.dll+0x91cd]  (no source info available)
C  [awt.dll+0xd4cae]  (no source info available)
C  [awt.dll+0xd6aa2]  (no source info available)
C  0x000002778fd1cc6b  (no source info available)

The last pc belongs to native method entry point (kind = native) (printed below).
Java frames: (J=compiled Java code, j=interpreted, Vv=VM code)
j  sun.awt.windows.WToolkit.eventLoop()V+0 java.desktop@24
j  sun.awt.windows.WToolkit.run()V+56 java.desktop@24
j  java.lang.Thread.runWith(Ljava/lang/Object;Ljava/lang/Runnable;)V+5 java.base@24
j  java.lang.Thread.run()V+19 java.base@24
v  ~StubRoutines::call_stub 0x000002778fd10fd5

siginfo: EXCEPTION_ACCESS_VIOLATION (0xc0000005), reading address 0x00006f54656e6974


Registers:
RAX=0x00006f54656e696c, RBX=0x00000277e0af41b0, RCX=0x0000000000000000, RDX=0x0000000000000000
RSP=0x000000ad6d7fe8a0, RBP=0x000000ad6d7fe9a9, RSI=0xfffffffff80108cd, RDI=0x0000000000000000
R8 =0x0000000000000001, R9 =0x000000ad6be26000, R10=0x0000000000000000, R11=0x0000000000000246
R12=0x0000000000000000, R13=0x0000000000000310, R14=0x0000000000000000, R15=0x0000000000000000
RIP=0x00007ffab007b661, EFLAGS=0x0000000000010246

XMM[0]=0x0000000000000000 0x0000000000000000
XMM[1]=0x0000000000000000 0x0000000000000000
XMM[2]=0x0000000000000000 0x0000000000000000
XMM[3]=0x0000000000000000 0x0000000000000000
XMM[4]=0x0000000000000000 0x0000000000000000
XMM[5]=0x0000000000000000 0x0000000000000000
XMM[6]=0x0000000000000000 0x0000000000000000
XMM[7]=0x0000000000000000 0x0000000000000000
XMM[8]=0x0000000000000000 0x0000000000000000
XMM[9]=0x0000000000000000 0x0000000000000000
XMM[10]=0x0000000000000000 0x0000000000000000
XMM[11]=0x0000000000000000 0x0000000000000000
XMM[12]=0x0000000000000000 0x0000000000000000
XMM[13]=0x0000000000000000 0x0000000000000000
XMM[14]=0x0000000000000000 0x0000000000000000
XMM[15]=0x0000000000000000 0x0000000000000000
  MXCSR=0x00001fa0


Register to memory mapping:

RAX=0x00006f54656e696c is an unknown value
RBX=0x00000277e0af41b0 points into unknown readable memory: 0x00000277e12f2fa0 | a0 2f 2f e1 77 02 00 00
RCX=0x0 is null
RDX=0x0 is null
RSP=0x000000ad6d7fe8a0 is pointing into the stack for thread: 0x00000277df3c4ac0
RBP=0x000000ad6d7fe9a9 is pointing into the stack for thread: 0x00000277df3c4ac0
RSI=0xfffffffff80108cd is an unknown value
RDI=0x0 is null
R8 =0x0000000000000001 is an unknown value
R9 =0x000000ad6be26000 points into unknown readable memory: 0x0000000000000000 | 00 00 00 00 00 00 00 00
R10=0x0 is null
R11=0x0000000000000246 is an unknown value
R12=0x0 is null
R13=0x0000000000000310 is an unknown value
R14=0x0 is null
R15=0x0 is null

Top of Stack: (sp=0x000000ad6d7fe8a0)
0x000000ad6d7fe8a0:   00007ffab00d7838 fffffffff80108cd   8x..............
0x000000ad6d7fe8b0:   0000000000000000 0000000000000000   ................
0x000000ad6d7fe8c0:   0000000000000000 00007ffab00375ac   .........u......
0x000000ad6d7fe8d0:   fffffffff80108cd 00000277e0c1f600   ............w...
0x000000ad6d7fe8e0:   00000277e0af41b0 000000ad6d7fec18   .A..w......m....
0x000000ad6d7fe8f0:   0000000000000000 00007ffab0037656   ........Vv......
0x000000ad6d7fe900:   00000277e0c1f600 00007ffaaffa0000   ....w...........
0x000000ad6d7fe910:   000000ad6d7fea08 00007ffb089d4b38   ...m....8K......
0x000000ad6d7fe920:   0000000000000000 00007ffab0034a26   ........&J......
0x000000ad6d7fe930:   00000277e0c1f600 0000000000000000   ....w...........
0x000000ad6d7fe940:   00007ffab0037b30 00007ffb1e06349e   0{.......4......
0x000000ad6d7fe950:   000002779985f248 00007ffb1d0db7d9   H...w...........
0x000000ad6d7fe960:   000000ad6d7fea00 0000000000000001   ...m............
0x000000ad6d7fe970:   0000000000000000 000000ad6d7fea08   ...........m....
0x000000ad6d7fe980:   0000000000000000 0000000000000000   ................
0x000000ad6d7fe990:   0000000000000000 00000277df3c4e88   .........N<.w...
0x000000ad6d7fe9a0:   00000277e0c1f6a0 0000000000000000   ....w...........
0x000000ad6d7fe9b0:   0000000000000000 000087056d666b95   .........kfm....
0x000000ad6d7fe9c0:   0000000000000000 0000000000000000   ................
0x000000ad6d7fe9d0:   0000000000000000 0000000000000000   ................
0x000000ad6d7fe9e0:   0000000000000000 0000000000000310   ................
0x000000ad6d7fe9f0:   0000000000000000 00000277e0c1f600   ............w...
0x000000ad6d7fea00:   00000277e0c1f600 00007ffab007fa4c   ....w...L.......
0x000000ad6d7fea10:   0000000000000000 0000bb132eb1a69f   ................
0x000000ad6d7fea20:   000024e828aed746 000000000000c188   F..(.$..........
0x000000ad6d7fea30:   0000000000000001 0000000000000022   ........".......
0x000000ad6d7fea40:   0000000000000000 00007ffb1d0ab706   ................
0x000000ad6d7fea50:   0000000000000022 00000000002201c6   ".........".....
0x000000ad6d7fea60:   000000000000c188 00007ffb1e0128ef   .........(......
0x000000ad6d7fea70:   00000000002201c6 00007ffb1d0c894a   ..".....J.......
0x000000ad6d7fea80:   ffffffffffffffeb 000087056d6668b5   .........hfm....
0x000000ad6d7fea90:   00000277f87c9170 0000000000000000   p.|.w...........

Instructions: (pc=0x00007ffab007b661)
  0x00007ffab007b561:   83 ec 28 66 0f 6e c2 0f 5b c0 f3 0f 59 41 48 0f
  0x00007ffab007b571:   5a c8 f2 0f 10 05 fd 35 03 00 f2 0f 5c 0d 85 36
  0x00007ffab007b581:   01 00 66 0f 2f c1 76 0a b8 00 00 00 80 48 83 c4
  0x00007ffab007b591:   28 c3 66 0f 2f 0d 05 80 02 00 76 0a b8 ff ff ff
  0x00007ffab007b5a1:   7f 48 83 c4 28 c3 0f 28 c1 e8 9f fb 00 00 f2 0f
  0x00007ffab007b5b1:   2c c0 48 83 c4 28 c3 cc cc cc cc cc cc cc cc 48
  0x00007ffab007b5c1:   83 ec 28 66 0f 6e c2 0f 5b c0 f3 0f 59 41 4c 0f
  0x00007ffab007b5d1:   5a c8 f2 0f 10 05 9d 35 03 00 f2 0f 5c 0d 25 36
  0x00007ffab007b5e1:   01 00 66 0f 2f c1 76 0a b8 00 00 00 80 48 83 c4
  0x00007ffab007b5f1:   28 c3 66 0f 2f 0d a5 7f 02 00 76 0a b8 ff ff ff
  0x00007ffab007b601:   7f 48 83 c4 28 c3 0f 28 c1 e8 3f fb 00 00 f2 0f
  0x00007ffab007b611:   2c c0 48 83 c4 28 c3 cc cc cc cc cc cc cc cc 48
  0x00007ffab007b621:   8b 49 08 48 85 c9 0f 85 93 81 fe ff 33 c0 c3 48
  0x00007ffab007b631:   89 5c 24 08 48 89 74 24 10 57 48 83 ec 20 8b fa
  0x00007ffab007b641:   48 8b f1 e8 57 c6 f4 ff 48 8b d8 48 89 44 24 40
  0x00007ffab007b651:   41 b8 01 00 00 00 8b d7 48 8b c8 e8 bf c5 f4 ff
=>0x00007ffab007b661:   48 8b 48 08 48 85 c9 74 0d 48 8b d6 e8 4e 81 fe
  0x00007ffab007b671:   ff 48 8b f8 eb 02 33 ff 48 8b cb e8 df c7 f4 ff
  0x00007ffab007b681:   90 48 8b c7 48 8b 5c 24 30 48 8b 74 24 38 48 83
  0x00007ffab007b691:   c4 20 5f c3 cc cc cc cc cc cc cc cc cc cc cc 48
  0x00007ffab007b6a1:   8b 01 89 10 c3 cc cc cc cc cc cc cc cc cc cc 40
  0x00007ffab007b6b1:   57 48 83 ec 40 48 83 79 38 00 48 8b f9 0f 84 96
  0x00007ffab007b6c1:   01 00 00 48 8b 0d 25 87 06 00 ba 02 00 01 00 48
  0x00007ffab007b6d1:   89 5c 24 58 48 89 74 24 68 e8 50 c5 00 00 4c 8b
  0x00007ffab007b6e1:   05 52 8c 06 00 48 8b c8 48 8b 57 38 48 8b d8 4c
  0x00007ffab007b6f1:   8b 08 41 ff 91 f8 02 00 00 48 8b f0 48 85 c0 0f
  0x00007ffab007b701:   84 4a 01 00 00 4c 8b 0b 48 8b d0 4c 8b 05 15 8c
  0x00007ffab007b711:   06 00 48 8b cb 41 ff 91 00 01 00 00 84 c0 0f 84
  0x00007ffab007b721:   2b 01 00 00 48 8b 7f 08 48 8b d6 48 8b 03 48 8b
  0x00007ffab007b731:   cb 4c 8b 05 07 8c 06 00 48 81 c7 00 04 00 00 48
  0x00007ffab007b741:   89 6c 24 60 4c 89 64 24 38 ff 90 f8 02 00 00 4c
  0x00007ffab007b751:   8b 0b 48 8b d6 4c 8b 05 eb 8b 06 00 48 8b cb 4c


Stack slot to memory mapping:

stack at sp + 0 slots: 0x00007ffab00d7838 awt.dll
stack at sp + 1 slots: 0xfffffffff80108cd is an unknown value
stack at sp + 2 slots: 0x0 is null
stack at sp + 3 slots: 0x0 is null
stack at sp + 4 slots: 0x0 is null
stack at sp + 5 slots: 0x00007ffab00375ac awt.dll
stack at sp + 6 slots: 0xfffffffff80108cd is an unknown value
stack at sp + 7 slots: 0x00000277e0c1f600 points into unknown readable memory: 0x00007ffab00aa860 | 60 a8 0a b0 fa 7f 00 00

Lock stack of current Java thread (top to bottom):

native method entry point (kind = native)  [0x000002778fd1c8a0, 0x000002778fd1d2a8]  2568 bytes
[MachCode]
  0x000002778fd1c8a0: 488b 4b08 | 0fb7 492e | 584c 8d74 | ccf8 6800 | 0000 0068 | 0000 0000 | 5055 488b | ec41 5568 
  0x000002778fd1c8c0: 0000 0000 | 4c8b 6b08 | 4d8d 6d38 | 5348 8b53 | 0848 8b52 | 0848 8b52 | 1848 8b52 | 7048 8b12 
  0x000002778fd1c8e0: 5248 8b53 | 1048 85d2 | 0f84 0700 | 0000 4881 | c208 0100 | 0052 488b | 5308 488b | 5208 488b 
  0x000002778fd1c900: 5210 5249 | 8bc6 482b | c548 c1e8 | 0350 6800 | 0000 0068 | f7ff ffff | 41c6 8771 | 0400 0001 
  0x000002778fd1c920: 488b 4310 | 4885 c074 | 208b 88cc | 0000 0083 | c102 8988 | cc00 0000 | 2388 e000 | 0000 0f84 
  0x000002778fd1c940: ba08 0000 | e9c7 0000 | 0048 8b43 | 1848 85c0 | 0f85 aa00 | 0000 e805 | 0000 00e9 | 9300 0000 
  0x000002778fd1c960: 488b d348 | 8d44 2408 | 4c89 6dc0 | 498b cf49 | 89af b803 | 0000 4989 | 87a8 0300 | 0048 83ec 
  0x000002778fd1c980: 2040 f6c4 | 0f0f 8419 | 0000 0048 | 83ec 0848 | b800 3153 | b0fa 7f00 | 00ff d048 | 83c4 08e9 
  0x000002778fd1c9a0: 0c00 0000 | 48b8 0031 | 53b0 fa7f | 0000 ffd0 | 4883 c420 | 49c7 87a8 | 0300 0000 | 0000 0049 
  0x000002778fd1c9c0: c787 b803 | 0000 0000 | 0000 49c7 | 87b0 0300 | 0000 0000 | 0049 837f | 0800 0f84 | 0500 0000 
  0x000002778fd1c9e0: e9db 44ff | ff4c 8b6d | c04c 8b75 | c84e 8d74 | f500 c348 | 8b43 1848 | 85c0 0f84 | 1000 0000 
  0x000002778fd1ca00: 8b08 83c1 | 0289 0823 | 4814 0f84 | ee07 0000 | 493b a7f0 | 0400 000f | 8748 0000 | 0089 8424 
  0x000002778fd1ca20: 00f0 ffff | 8984 2400 | e0ff ff89 | 8424 00d0 | ffff 8984 | 2400 c0ff | ff89 8424 | 00b0 ffff 
  0x000002778fd1ca40: 8984 2400 | a0ff ff89 | 8424 0090 | ffff 8984 | 2400 80ff | ff49 3ba7 | e804 0000 | 7607 4989 
  0x000002778fd1ca60: a7f0 0400 | 0041 c687 | 7104 0000 | 0048 8b5d | e84c 8b5b | 0845 0fb7 | 5b2e 41c1 | e303 492b 
  0x000002778fd1ca80: e348 83ec | 2048 83e4 | f04c 8b5b | 604d 85db | 0f85 a500 | 0000 e805 | 0000 00e9 | 9300 0000 
  0x000002778fd1caa0: 488b d348 | 8d44 2408 | 4c89 6dc0 | 498b cf49 | 89af b803 | 0000 4989 | 87a8 0300 | 0048 83ec 
  0x000002778fd1cac0: 2040 f6c4 | 0f0f 8419 | 0000 0048 | 83ec 0848 | b840 5b53 | b0fa 7f00 | 00ff d048 | 83c4 08e9 
  0x000002778fd1cae0: 0c00 0000 | 48b8 405b | 53b0 fa7f | 0000 ffd0 | 4883 c420 | 49c7 87a8 | 0300 0000 | 0000 0049 
  0x000002778fd1cb00: c787 b803 | 0000 0000 | 0000 49c7 | 87b0 0300 | 0000 0000 | 0049 837f | 0800 0f84 | 0500 0000 
  0x000002778fd1cb20: e99b 43ff | ff4c 8b6d | c04c 8b75 | c84e 8d74 | f500 c348 | 8b5d e84c | 8b5b 6041 | ffd3 488b 
  0x000002778fd1cb40: 5de8 4889 | 4518 448b | 5b28 41f6 | c308 0f84 | 1b00 0000 | 4c8b 5b08 | 4d8b 5b08 | 4d8b 5b18 
  0x000002778fd1cb60: 4d8b 5b70 | 4d8b 1b4c | 895d 1048 | 8d55 1048 | 8b43 5849 | bad0 718c | b0fa 7f00 | 0049 3bc2 
  0x000002778fd1cb80: 0f85 a500 | 0000 e805 | 0000 00e9 | 9300 0000 | 488b d348 | 8d44 2408 | 4c89 6dc0 | 498b cf49 
  0x000002778fd1cba0: 89af b803 | 0000 4989 | 87a8 0300 | 0048 83ec | 2040 f6c4 | 0f0f 8419 | 0000 0048 | 83ec 0848 
  0x000002778fd1cbc0: b840 5b53 | b0fa 7f00 | 00ff d048 | 83c4 08e9 | 0c00 0000 | 48b8 405b | 53b0 fa7f | 0000 ffd0 
  0x000002778fd1cbe0: 4883 c420 | 49c7 87a8 | 0300 0000 | 0000 0049 | c787 b803 | 0000 0000 | 0000 49c7 | 87b0 0300 
  0x000002778fd1cc00: 0000 0000 | 0049 837f | 0800 0f84 | 0500 0000 | e9ab 42ff | ff4c 8b6d | c04c 8b75 | c84e 8d74 
  0x000002778fd1cc20: f500 c348 | 8b5d e848 | 8b43 5849 | 8d8f c803 | 0000 4c8d | 15cf 0000 | 004d 8997 | b003 0000 
  0x000002778fd1cc40: 4989 afb8 | 0300 0049 | 89a7 a803 | 0000 41c7 | 8754 0400 | 0004 0000 | 0049 3ba7 | 4805 0000 
  0x000002778fd1cc60: 7607 4989 | a748 0500 | 00ff d049 | 3ba7 4805 | 0000 720b | 49c7 8748 | 0500 0000 | 0000 0048 
  0x000002778fd1cc80: 83ec 10f2 | 0f11 0424 | 4883 ec10 | 4889 0424 | 48c7 4424 | 0800 0000 | 0041 c787 | 5404 0000 
  0x000002778fd1cca0: 0500 0000 | f083 4424 | c000 493b | 6f28 0f87 | 0e00 0000 | 4183 bf50 | 0400 0000 | 0f84 2000 
  0x000002778fd1ccc0: 0000 498b | cf4c 8be4 | 4883 ec20 | 4883 e4f0 | 48b8 c0ba | 54b0 fa7f | 0000 ffd0 | 498b e44d 
  0x000002778fd1cce0: 33e4 41c7 | 8754 0400 | 0008 0000 | 004d 8b97 | 7005 0000 | 4983 fa00 | 7435 49c7 | 8770 0500 
  0x000002778fd1cd00: 0000 0000 | 0041 ffe2 | 49ba 80ba | d18f 7702 | 0000 41ff | d248 83ec | 10f2 0f11 | 0424 4883 
  0x000002778fd1cd20: ec10 4889 | 0424 48c7 | 4424 0800 | 0000 0049 | c787 a803 | 0000 0000 | 0000 49c7 | 87b8 0300 
  0x000002778fd1cd40: 0000 0000 | 0049 c787 | b003 0000 | 0000 0000 | 4d8b 9f38 | 0400 0041 | c783 0001 | 0000 0000 
  0x000002778fd1cd60: 0000 49bb | 1aa4 d18f | 7702 0000 | 4c3b 5d18 | 0f85 5201 | 0000 488b | 0424 4883 | c410 4885 
  0x000002778fd1cd80: c00f 842c | 0100 00a8 | 030f 8508 | 0000 0048 | 8b00 e91c | 0100 00a8 | 010f 8509 | 0000 0048 
  0x000002778fd1cda0: 8b40 fee9 | 0b01 0000 | 488b 40ff | 4180 7f48 | 000f 84fc | 0000 0048 | 83f8 000f | 84f2 0000 
  0x000002778fd1cdc0: 004d 8b5f | 384d 85db | 0f84 1400 | 0000 4983 | eb08 4d89 | 5f38 4d03 | 5f40 4989 | 03e9 d100 
  0x000002778fd1cde0: 0000 4883 | ec70 4889 | 0424 4889 | 4c24 0848 | 8954 2410 | 4c89 4424 | 184c 894c | 2420 4c89 
  0x000002778fd1ce00: 5424 284c | 895c 2430 | f20f 1144 | 2440 f20f | 114c 2448 | f20f 1154 | 2450 f20f | 115c 2458 
  0x000002778fd1ce20: f20f 1164 | 2460 f20f | 116c 2468 | 498b d748 | 8bc8 4883 | ec20 40f6 | c40f 0f84 | 1900 0000 
  0x000002778fd1ce40: 4883 ec08 | 48b8 304a | 47b0 fa7f | 0000 ffd0 | 4883 c408 | e90c 0000 | 0048 b830 | 4a47 b0fa 
  0x000002778fd1ce60: 7f00 00ff | d048 83c4 | 20f2 0f10 | 6c24 68f2 | 0f10 6424 | 60f2 0f10 | 5c24 58f2 | 0f10 5424 
  0x000002778fd1ce80: 50f2 0f10 | 4c24 48f2 | 0f10 4424 | 404c 8b5c | 2430 4c8b | 5424 284c | 8b4c 2420 | 4c8b 4424 
  0x000002778fd1cea0: 1848 8b54 | 2410 488b | 4c24 0848 | 8b04 2448 | 83c4 7048 | 8945 1048 | 83ec 1048 | 8904 2448 
  0x000002778fd1cec0: c744 2408 | 0000 0000 | 4183 bfd0 | 0400 0002 | 0f85 bf00 | 0000 4881 | ec80 0000 | 0048 8944 
  0x000002778fd1cee0: 2478 4889 | 4c24 7048 | 8954 2468 | 4889 5c24 | 6048 896c | 2450 4889 | 7424 4848 | 897c 2440 
  0x000002778fd1cf00: 4c89 4424 | 384c 894c | 2430 4c89 | 5424 284c | 895c 2420 | 4c89 6424 | 184c 896c | 2410 4c89 
  0x000002778fd1cf20: 7424 084c | 893c 244c | 8be4 4883 | ec20 4883 | e4f0 48b8 | 6058 8cb0 | fa7f 0000 | ffd0 498b 
  0x000002778fd1cf40: e44c 8b3c | 244c 8b74 | 2408 4c8b | 6c24 104c | 8b64 2418 | 4c8b 5c24 | 204c 8b54 | 2428 4c8b 
  0x000002778fd1cf60: 4c24 304c | 8b44 2438 | 488b 7c24 | 4048 8b74 | 2448 488b | 6c24 5048 | 8b5c 2460 | 488b 5424 
  0x000002778fd1cf80: 6848 8b4c | 2470 488b | 4424 7848 | 81c4 8000 | 0000 4d33 | e448 8b5d | e84c 8b6b | 084d 8d6d 
  0x000002778fd1cfa0: 3849 837f | 0800 0f84 | b500 0000 | e805 0000 | 00e9 9000 | 0000 488d | 4424 084c | 896d c049 
  0x000002778fd1cfc0: 8bcf 4989 | afb8 0300 | 0049 8987 | a803 0000 | 4883 ec20 | 40f6 c40f | 0f84 1900 | 0000 4883 
  0x000002778fd1cfe0: ec08 48b8 | e079 53b0 | fa7f 0000 | ffd0 4883 | c408 e90c | 0000 0048 | b8e0 7953 | b0fa 7f00 
  0x000002778fd1d000: 00ff d048 | 83c4 2049 | c787 a803 | 0000 0000 | 0000 49c7 | 87b8 0300 | 0000 0000 | 0049 c787 
  0x000002778fd1d020: b003 0000 | 0000 0000 | 4983 7f08 | 000f 8405 | 0000 00e9 | 883e ffff | 4c8b 6dc0 | 4c8b 75c8 
  0x000002778fd1d040: 4e8d 74f5 | 00c3 48b9 | f8eb b2b0 | fa7f 0000 | 4883 e4f0 | 48b8 b0a9 | 79b0 fa7f | 0000 ffd0 
  0x000002778fd1d060: f444 8b5b | 2841 f6c3 | 200f 846c | 0100 0048 | 8d55 a84c | 8b5a 084d | 85db 0f85 | b500 0000 
  0x000002778fd1d080: e805 0000 | 00e9 9000 | 0000 488d | 4424 084c | 896d c049 | 8bcf 4989 | afb8 0300 | 0049 8987 
  0x000002778fd1d0a0: a803 0000 | 4883 ec20 | 40f6 c40f | 0f84 1900 | 0000 4883 | ec08 48b8 | 1079 53b0 | fa7f 0000 
  0x000002778fd1d0c0: ffd0 4883 | c408 e90c | 0000 0048 | b810 7953 | b0fa 7f00 | 00ff d048 | 83c4 2049 | c787 a803 
  0x000002778fd1d0e0: 0000 0000 | 0000 49c7 | 87b8 0300 | 0000 0000 | 0049 c787 | b003 0000 | 0000 0000 | 4983 7f08 
  0x000002778fd1d100: 000f 8405 | 0000 00e9 | b43d ffff | 4c8b 6dc0 | 4c8b 75c8 | 4e8d 74f5 | 00c3 48b9 | f8eb b2b0 
  0x000002778fd1d120: fa7f 0000 | 4883 e4f0 | 48b8 b0a9 | 79b0 fa7f | 0000 ffd0 | f44c 896d | c04c 8b4a | 0848 c742 
  0x000002778fd1d140: 0800 0000 | 0045 8b87 | 5806 0000 | 4f3b 4c07 | f80f 8542 | 0000 0041 | 83af 5806 | 0000 084f 
  0x000002778fd1d160: 3b4c 07f0 | 0f84 2a00 | 0000 498b | 01a8 020f | 8512 0000 | 004c 8bc0 | 4983 c801 | f04d 0fb1 
  0x000002778fd1d180: 010f 840d | 0000 0041 | 8387 5806 | 0000 08e9 | 0500 0000 | e93e 0000 | 004c 894a | 0848 8bca 
  0x000002778fd1d1a0: 4883 ec20 | 40f6 c40f | 0f84 1900 | 0000 4883 | ec08 48b8 | 304b 53b0 | fa7f 0000 | ffd0 4883 
  0x000002778fd1d1c0: c408 e90c | 0000 0048 | b830 4b53 | b0fa 7f00 | 00ff d048 | 83c4 204c | 8b6d c048 | 8b04 2448 
  0x000002778fd1d1e0: 83c4 10f2 | 0f10 0424 | 4883 c410 | 4c8b 5d18 | 41ff d34c | 8b5d f8c9 | 5f49 8be3 | ffe7 ba00 
  0x000002778fd1d200: 0000 00e8 | 0500 0000 | e990 0000 | 0048 8d44 | 2408 4c89 | 6dc0 498b | cf49 89af | b803 0000 
  0x000002778fd1d220: 4989 87a8 | 0300 0048 | 83ec 2040 | f6c4 0f0f | 8419 0000 | 0048 83ec | 0848 b8d0 | 3f53 b0fa 
  0x000002778fd1d240: 7f00 00ff | d048 83c4 | 08e9 0c00 | 0000 48b8 | d03f 53b0 | fa7f 0000 | ffd0 4883 | c420 49c7 
  0x000002778fd1d260: 87a8 0300 | 0000 0000 | 0049 c787 | b803 0000 | 0000 0000 | 49c7 87b0 | 0300 0000 | 0000 0049 
  0x000002778fd1d280: 837f 0800 | 0f84 0500 | 0000 e931 | 3cff ff4c | 8b6d c04c | 8b75 c84e | 8d74 f500 | c348 8b5d 
  0x000002778fd1d2a0: e8e9 6af7 | ffff 6690 
[/MachCode]

---------------  P R O C E S S  ---------------

Threads class SMR info:
_java_thread_list=0x00000277df6b5c70, length=17, elements={
0x00000277fe60c650, 0x00000277fe60f690, 0x00000277fe6107b0, 0x00000277fe611630,
0x00000277fe612290, 0x00000277fe612dc0, 0x00000277fe619670, 0x00000277fe616ae0,
0x000002779986b950, 0x000002779998fcd0, 0x0000027799beb1e0, 0x0000027799bee3e0,
0x00000277df3c4ac0, 0x00000277df57e910, 0x00000277df6c2310, 0x00000277df6c0d20,
0x00000277df6c2a60
}

Java Threads: ( => current thread )
  0x00000277fe60c650 JavaThread "Reference Handler"          daemon [_thread_blocked, id=4988, stack(0x000000ad6cb00000,0x000000ad6cc00000) (1024K)]
  0x00000277fe60f690 JavaThread "Finalizer"                  daemon [_thread_blocked, id=3752, stack(0x000000ad6cc00000,0x000000ad6cd00000) (1024K)]
  0x00000277fe6107b0 JavaThread "Signal Dispatcher"          daemon [_thread_blocked, id=7316, stack(0x000000ad6cd00000,0x000000ad6ce00000) (1024K)]
  0x00000277fe611630 JavaThread "Attach Listener"            daemon [_thread_blocked, id=11124, stack(0x000000ad6ce00000,0x000000ad6cf00000) (1024K)]
  0x00000277fe612290 JavaThread "Service Thread"             daemon [_thread_blocked, id=4596, stack(0x000000ad6cf00000,0x000000ad6d000000) (1024K)]
  0x00000277fe612dc0 JavaThread "Monitor Deflation Thread"   daemon [_thread_blocked, id=6156, stack(0x000000ad6d000000,0x000000ad6d100000) (1024K)]
  0x00000277fe619670 JavaThread "C2 CompilerThread0"         daemon [_thread_blocked, id=3612, stack(0x000000ad6d100000,0x000000ad6d200000) (1024K)]
  0x00000277fe616ae0 JavaThread "C1 CompilerThread0"         daemon [_thread_blocked, id=8872, stack(0x000000ad6d200000,0x000000ad6d300000) (1024K)]
  0x000002779986b950 JavaThread "Common-Cleaner"             daemon [_thread_blocked, id=6572, stack(0x000000ad6d300000,0x000000ad6d400000) (1024K)]
  0x000002779998fcd0 JavaThread "Notification Thread"        daemon [_thread_blocked, id=9420, stack(0x000000ad6d400000,0x000000ad6d500000) (1024K)]
  0x0000027799beb1e0 JavaThread "Java2D Disposer"            daemon [_thread_blocked, id=9528, stack(0x000000ad6d500000,0x000000ad6d600000) (1024K)]
  0x0000027799bee3e0 JavaThread "AWT-Shutdown"                      [_thread_blocked, id=9860, stack(0x000000ad6d600000,0x000000ad6d700000) (1024K)]
=>0x00000277df3c4ac0 JavaThread "AWT-Windows"                daemon [_thread_in_native, id=8384, stack(0x000000ad6d700000,0x000000ad6d800000) (1024K)]
  0x00000277df57e910 JavaThread "AWT-EventQueue-0"                  [_thread_in_native, id=11984, stack(0x000000ad6d900000,0x000000ad6da00000) (1024K)]
  0x00000277df6c2310 JavaThread "DestroyJavaVM"                     [_thread_blocked, id=5932, stack(0x000000ad6c300000,0x000000ad6c400000) (1024K)]
  0x00000277df6c0d20 JavaThread "TimerQueue"                 daemon [_thread_blocked, id=9596, stack(0x000000ad6dd00000,0x000000ad6de00000) (1024K)]
  0x00000277df6c2a60 JavaThread "mysql-cj-abandoned-connection-cleanup" daemon [_thread_blocked, id=11164, stack(0x000000ad6de00000,0x000000ad6df00000) (1024K)]
Total: 17

Other Threads:
  0x00000277fe5f9f20 VMThread "VM Thread"                           [id=10612, stack(0x000000ad6ca00000,0x000000ad6cb00000) (1024K)]
  0x00000277fe5ec870 WatcherThread "VM Periodic Task Thread"        [id=4224, stack(0x000000ad6c900000,0x000000ad6ca00000) (1024K)]
  0x00000277fa5aa6a0 WorkerThread "GC Thread#0"                     [id=1800, stack(0x000000ad6c400000,0x000000ad6c500000) (1024K)]
  0x00000277e0ab5e20 WorkerThread "GC Thread#1"                     [id=10768, stack(0x000000ad6df00000,0x000000ad6e000000) (1024K)]
  0x00000277e0ab61d0 WorkerThread "GC Thread#2"                     [id=9804, stack(0x000000ad6e000000,0x000000ad6e100000) (1024K)]
  0x00000277e0ab0910 WorkerThread "GC Thread#3"                     [id=2716, stack(0x000000ad6e100000,0x000000ad6e200000) (1024K)]
  0x00000277fa5d8320 ConcurrentGCThread "G1 Main Marker"            [id=8580, stack(0x000000ad6c500000,0x000000ad6c600000) (1024K)]
  0x00000277fa5da480 WorkerThread "G1 Conc#0"                       [id=6288, stack(0x000000ad6c600000,0x000000ad6c700000) (1024K)]
  0x00000277fe4b3160 ConcurrentGCThread "G1 Refine#0"               [id=12132, stack(0x000000ad6c700000,0x000000ad6c800000) (1024K)]
  0x00000277fe4b3b80 ConcurrentGCThread "G1 Service"                [id=4384, stack(0x000000ad6c800000,0x000000ad6c900000) (1024K)]
Total: 10

Threads with active compile tasks:
Total: 0

VM state: not at safepoint (normal execution)

VM Mutex/Monitor currently owned by a thread: None

Heap address: 0x0000000742c00000, size: 3028 MB, Compressed Oops mode: Zero based, Oop shift amount: 3

CDS archive(s) mapped at: [0x000002779a000000-0x000002779ad40000-0x000002779ad40000), size 13893632, SharedBaseAddress: 0x000002779a000000, ArchiveRelocationMode: 1.
Compressed class space mapped at: 0x000002779b000000-0x00000277db000000, reserved size: 1073741824
UseCompressedClassPointers 1, UseCompactObjectHeaders 0
Narrow klass pointer bits 32, Max shift 3
Narrow klass base: 0x000002779a000000, Narrow klass shift: 0
Encoding Range: [0x000002779a000000 - 0x000002789a000000), (4294967296 bytes)
Klass Range:    [0x000002779a000000 - 0x00000277db000000), (1090519040 bytes)
Klass ID Range:  [8 - 1090519033) (1090519025)

GC Precious Log:
 CardTable entry size: 512
 Card Set container configuration: InlinePtr #cards 4 size 8 Array Of Cards #cards 16 size 48 Howl #buckets 8 coarsen threshold 3686 Howl Bitmap #cards 512 size 80 coarsen threshold 460 Card regions per heap region 1 cards per card region 4096
 CPUs: 4 total, 4 available
 Memory: 12110M
 Large Page Support: Disabled
 NUMA Support: Disabled
 Compressed Oops: Enabled (Zero based)
 Heap Region Size: 2M
 Heap Min Capacity: 8M
 Heap Initial Capacity: 190M
 Heap Max Capacity: 3028M
 Pre-touch: Disabled
 Parallel Workers: 4
 Concurrent Workers: 1
 Concurrent Refinement Workers: 4
 Periodic GC: Disabled

Heap:
 garbage-first heap   total reserved 3100672K, committed 49152K, used 25794K [0x0000000742c00000, 0x0000000800000000)
  region size 2048K, 2 young (4096K), 1 survivors (2048K)
 Metaspace       used 23755K, committed 24064K, reserved 1114112K
  class space    used 2302K, committed 2432K, reserved 1048576K

Heap Regions: E=young(eden), S=young(survivor), O=old, HS=humongous(starts), HC=humongous(continues), CS=collection set, F=free, TAMS=top-at-mark-start, PB=parsable bottom
|   0|0x0000000742c00000, 0x0000000742e00000, 0x0000000742e00000|100%|HS|  |TAMS 0x0000000742c00000| PB 0x0000000742c00000| Complete |  0
|   1|0x0000000742e00000, 0x0000000743000000, 0x0000000743000000|100%|HS|  |TAMS 0x0000000742e00000| PB 0x0000000742e00000| Complete |  0
|   2|0x0000000743000000, 0x0000000743088000, 0x0000000743200000| 26%| O|  |TAMS 0x0000000743000000| PB 0x0000000743000000| Untracked |  0
|   3|0x0000000743200000, 0x0000000743400000, 0x0000000743400000|100%|HS|  |TAMS 0x0000000743200000| PB 0x0000000743200000| Complete |  0
|   4|0x0000000743400000, 0x0000000743600000, 0x0000000743600000|100%|HC|  |TAMS 0x0000000743400000| PB 0x0000000743400000| Complete |  0
|   5|0x0000000743600000, 0x0000000743800000, 0x0000000743800000|100%|HS|  |TAMS 0x0000000743600000| PB 0x0000000743600000| Complete |  0
|   6|0x0000000743800000, 0x0000000743a00000, 0x0000000743a00000|100%| O|  |TAMS 0x0000000743800000| PB 0x0000000743800000| Untracked |  0
|   7|0x0000000743a00000, 0x0000000743c00000, 0x0000000743c00000|100%| O|  |TAMS 0x0000000743a00000| PB 0x0000000743a00000| Untracked |  0
|   8|0x0000000743c00000, 0x0000000743ca8988, 0x0000000743e00000| 32%| O|  |TAMS 0x0000000743c00000| PB 0x0000000743c00000| Untracked |  0
|   9|0x0000000743e00000, 0x0000000744000000, 0x0000000744000000|100%| O|  |TAMS 0x0000000743e00000| PB 0x0000000743e00000| Untracked |  0
|  10|0x0000000744000000, 0x0000000744200000, 0x0000000744200000|100%|HS|  |TAMS 0x0000000744000000| PB 0x0000000744000000| Complete |  0
|  11|0x0000000744200000, 0x0000000744400000, 0x0000000744400000|100%|HC|  |TAMS 0x0000000744200000| PB 0x0000000744200000| Complete |  0
|  12|0x0000000744400000, 0x0000000744600000, 0x0000000744600000|100%|HC|  |TAMS 0x0000000744400000| PB 0x0000000744400000| Complete |  0
|  13|0x0000000744600000, 0x0000000744600000, 0x0000000744800000|  0%| F|  |TAMS 0x0000000744600000| PB 0x0000000744600000| Untracked |  0
|  14|0x0000000744800000, 0x0000000744800000, 0x0000000744a00000|  0%| F|  |TAMS 0x0000000744800000| PB 0x0000000744800000| Untracked |  0
|  15|0x0000000744a00000, 0x0000000744c00000, 0x0000000744c00000|100%| S|CS|TAMS 0x0000000744a00000| PB 0x0000000744a00000| Complete |  0
|  16|0x0000000744c00000, 0x0000000744c00000, 0x0000000744e00000|  0%| F|  |TAMS 0x0000000744c00000| PB 0x0000000744c00000| Untracked |  0
|  17|0x0000000744e00000, 0x0000000744e00000, 0x0000000745000000|  0%| F|  |TAMS 0x0000000744e00000| PB 0x0000000744e00000| Untracked |  0
|  18|0x0000000745000000, 0x0000000745000000, 0x0000000745200000|  0%| F|  |TAMS 0x0000000745000000| PB 0x0000000745000000| Untracked |  0
|  19|0x0000000745200000, 0x0000000745200000, 0x0000000745400000|  0%| F|  |TAMS 0x0000000745200000| PB 0x0000000745200000| Untracked |  0
|  86|0x000000074d800000, 0x000000074d800000, 0x000000074da00000|  0%| F|  |TAMS 0x000000074d800000| PB 0x000000074d800000| Untracked |  0
|  87|0x000000074da00000, 0x000000074da00000, 0x000000074dc00000|  0%| F|  |TAMS 0x000000074da00000| PB 0x000000074da00000| Untracked |  0
|  88|0x000000074dc00000, 0x000000074dc00000, 0x000000074de00000|  0%| F|  |TAMS 0x000000074dc00000| PB 0x000000074dc00000| Untracked |  0
|1513|0x00000007ffe00000, 0x00000007fffaf580, 0x0000000800000000| 84%| E|  |TAMS 0x00000007ffe00000| PB 0x00000007ffe00000| Complete |  0

Card table byte_map: [0x00000277fac10000,0x00000277fb200000] _byte_map_base: 0x00000277f71fa000

Marking Bits: (CMBitMap*) 0x00000277fa5aadb0
 Bits: [0x00000277fb200000, 0x00000277fe150000)

Polling page: 0x00000277f9d20000

Metaspace:

Usage:
  Non-class:     20.95 MB used.
      Class:      2.25 MB used.
       Both:     23.20 MB used.

Virtual space:
  Non-class space:       64.00 MB reserved,      21.12 MB ( 33%) committed,  1 nodes.
      Class space:        1.00 GB reserved,       2.38 MB ( <1%) committed,  1 nodes.
             Both:        1.06 GB reserved,      23.50 MB (  2%) committed. 

Chunk freelists:
   Non-Class:  10.79 MB
       Class:  13.65 MB
        Both:  24.44 MB

MaxMetaspaceSize: unlimited
CompressedClassSpaceSize: 1.00 GB
Initial GC threshold: 21.00 MB
Current GC threshold: 35.12 MB
CDS: on
 - commit_granule_bytes: 65536.
 - commit_granule_words: 8192.
 - virtual_space_node_default_size: 8388608.
 - enlarge_chunks_in_place: 1.
UseCompressedClassPointers 1, UseCompactObjectHeaders 0
Narrow klass pointer bits 32, Max shift 3
Narrow klass base: 0x000002779a000000, Narrow klass shift: 0
Encoding Range: [0x000002779a000000 - 0x000002789a000000), (4294967296 bytes)
Klass Range:    [0x000002779a000000 - 0x00000277db000000), (1090519040 bytes)
Klass ID Range:  [8 - 1090519033) (1090519025)


Internal statistics:

num_allocs_failed_limit: 3.
num_arena_births: 200.
num_arena_deaths: 0.
num_vsnodes_births: 2.
num_vsnodes_deaths: 0.
num_space_committed: 376.
num_space_uncommitted: 0.
num_chunks_returned_to_freelist: 3.
num_chunks_taken_from_freelist: 451.
num_chunk_merges: 0.
num_chunk_splits: 279.
num_chunks_enlarged: 187.
num_inconsistent_stats: 0.

CodeHeap 'non-profiled nmethods': size=120064Kb used=1281Kb max_used=1281Kb free=118782Kb
 bounds [0x00000277902a0000, 0x0000027790510000, 0x00000277977e0000]
CodeHeap 'profiled nmethods': size=120000Kb used=7160Kb max_used=7160Kb free=112839Kb
 bounds [0x00000277887e0000, 0x0000027788ee0000, 0x000002778fd10000]
CodeHeap 'non-nmethods': size=5696Kb used=1633Kb max_used=1713Kb free=4063Kb
 bounds [0x000002778fd10000, 0x000002778ff80000, 0x00000277902a0000]
CodeCache: size=245760Kb, used=10074Kb, max_used=10154Kb, free=235684Kb
 total_blobs=5038, nmethods=4236, adapters=707, full_count=0
Compilation: enabled, stopped_count=0, restarted_count=0

Compilation events (20 events):
Event: 12.496 Thread 0x00000277fe616ae0 4227       3       sun.java2d.SunGraphics2D::validatePipe (30 bytes)
Event: 12.497 Thread 0x00000277fe616ae0 nmethod 4227 0x0000027788ed7788 code [0x0000027788ed78c0, 0x0000027788ed7c38]
Event: 12.992 Thread 0x00000277fe616ae0 4228       3       javax.swing.TimerQueue::now (8 bytes)
Event: 12.992 Thread 0x00000277fe616ae0 nmethod 4228 0x0000027788ed7c88 code [0x0000027788ed7da0, 0x0000027788ed7eb8]
Event: 12.992 Thread 0x00000277fe616ae0 4229       3       javax.swing.JComponent::getGraphics (33 bytes)
Event: 12.993 Thread 0x00000277fe616ae0 nmethod 4229 0x0000027788ed7f88 code [0x0000027788ed8100, 0x0000027788ed84a8]
Event: 13.172 Thread 0x00000277fe616ae0 4230       3       java.lang.invoke.DirectMethodHandle::shouldBeInitialized (117 bytes)
Event: 13.174 Thread 0x00000277fe616ae0 nmethod 4230 0x0000027788ed8508 code [0x0000027788ed86e0, 0x0000027788ed9060]
Event: 13.819 Thread 0x00000277fe616ae0 4231   !   3       java.awt.KeyboardFocusManager::processCurrentLightweightRequests (345 bytes)
Event: 13.819 Thread 0x00000277fe619670 4232       4       java.util.Objects::equals (23 bytes)
Event: 13.820 Thread 0x00000277fe619670 nmethod 4232 0x00000277903e0488 code [0x00000277903e0580, 0x00000277903e0620]
Event: 13.822 Thread 0x00000277fe616ae0 nmethod 4231 0x0000027788ed9108 code [0x0000027788ed94c0, 0x0000027788edbec8]
Event: 13.822 Thread 0x00000277fe616ae0 4233       3       sun.java2d.SunGraphics2D::getClipBounds (21 bytes)
Event: 13.823 Thread 0x00000277fe616ae0 nmethod 4233 0x0000027788edbf88 code [0x0000027788edc0c0, 0x0000027788edc380]
Event: 13.823 Thread 0x00000277fe616ae0 4234       3       sun.java2d.SunGraphics2D::getClipBounds (102 bytes)
Event: 13.823 Thread 0x00000277fe616ae0 nmethod 4234 0x0000027788edc408 code [0x0000027788edc5c0, 0x0000027788edd0c0]
Event: 19.957 Thread 0x00000277fe616ae0 4235       3       jdk.internal.classfile.impl.SplitConstantPool::tryFindUtf8 (100 bytes)
Event: 19.958 Thread 0x00000277fe616ae0 nmethod 4235 0x0000027788edd108 code [0x0000027788edd2e0, 0x0000027788eddd18]
Event: 19.959 Thread 0x00000277fe616ae0 4236       3       jdk.internal.classfile.impl.AbstractPoolEntry$Utf8EntryImpl::<init> (80 bytes)
Event: 19.960 Thread 0x00000277fe616ae0 nmethod 4236 0x0000027788eddd88 code [0x0000027788eddec0, 0x0000027788ede320]

GC Heap History (10 events):
Event: 4.236 GC heap before
{Heap before GC invocations=0 (full 0):
 garbage-first heap   total reserved 3100672K, committed 196608K, used 33908K [0x0000000742c00000, 0x0000000800000000)
  region size 2048K, 14 young (28672K), 0 survivors (0K)
 Metaspace       used 14292K, committed 14592K, reserved 1114112K
  class space    used 1354K, committed 1472K, reserved 1048576K
}
Event: 4.246 GC heap after
{Heap after GC invocations=1 (full 0):
 garbage-first heap   total reserved 3100672K, committed 196608K, used 9876K [0x0000000742c00000, 0x0000000800000000)
  region size 2048K, 2 young (4096K), 2 survivors (4096K)
 Metaspace       used 14292K, committed 14592K, reserved 1114112K
  class space    used 1354K, committed 1472K, reserved 1048576K
}
Event: 5.324 GC heap before
{Heap before GC invocations=1 (full 0):
 garbage-first heap   total reserved 3100672K, committed 196608K, used 20116K [0x0000000742c00000, 0x0000000800000000)
  region size 2048K, 8 young (16384K), 2 survivors (4096K)
 Metaspace       used 21235K, committed 21504K, reserved 1114112K
  class space    used 2120K, committed 2240K, reserved 1048576K
}
Event: 5.336 GC heap after
{Heap after GC invocations=2 (full 0):
 garbage-first heap   total reserved 3100672K, committed 196608K, used 11627K [0x0000000742c00000, 0x0000000800000000)
  region size 2048K, 3 young (6144K), 3 survivors (6144K)
 Metaspace       used 21235K, committed 21504K, reserved 1114112K
  class space    used 2120K, committed 2240K, reserved 1048576K
}
Event: 5.624 GC heap before
{Heap before GC invocations=3 (full 0):
 garbage-first heap   total reserved 3100672K, committed 49152K, used 40299K [0x0000000742c00000, 0x0000000800000000)
  region size 2048K, 14 young (28672K), 3 survivors (6144K)
 Metaspace       used 21599K, committed 21888K, reserved 1114112K
  class space    used 2151K, committed 2240K, reserved 1048576K
}
Event: 5.635 GC heap after
{Heap after GC invocations=4 (full 0):
 garbage-first heap   total reserved 3100672K, committed 49152K, used 18036K [0x0000000742c00000, 0x0000000800000000)
  region size 2048K, 1 young (2048K), 1 survivors (2048K)
 Metaspace       used 21599K, committed 21888K, reserved 1114112K
  class space    used 2151K, committed 2240K, reserved 1048576K
}
Event: 6.297 GC heap before
{Heap before GC invocations=4 (full 0):
 garbage-first heap   total reserved 3100672K, committed 49152K, used 34420K [0x0000000742c00000, 0x0000000800000000)
  region size 2048K, 9 young (18432K), 1 survivors (2048K)
 Metaspace       used 22347K, committed 22656K, reserved 1114112K
  class space    used 2202K, committed 2368K, reserved 1048576K
}
Event: 6.303 GC heap after
{Heap after GC invocations=5 (full 0):
 garbage-first heap   total reserved 3100672K, committed 49152K, used 18710K [0x0000000742c00000, 0x0000000800000000)
  region size 2048K, 2 young (4096K), 2 survivors (4096K)
 Metaspace       used 22347K, committed 22656K, reserved 1114112K
  class space    used 2202K, committed 2368K, reserved 1048576K
}
Event: 7.517 GC heap before
{Heap before GC invocations=5 (full 0):
 garbage-first heap   total reserved 3100672K, committed 49152K, used 33046K [0x0000000742c00000, 0x0000000800000000)
  region size 2048K, 10 young (20480K), 2 survivors (4096K)
 Metaspace       used 23390K, committed 23680K, reserved 1114112K
  class space    used 2280K, committed 2432K, reserved 1048576K
}
Event: 7.523 GC heap after
{Heap after GC invocations=6 (full 0):
 garbage-first heap   total reserved 3100672K, committed 49152K, used 19650K [0x0000000742c00000, 0x0000000800000000)
  region size 2048K, 1 young (2048K), 1 survivors (2048K)
 Metaspace       used 23390K, committed 23680K, reserved 1114112K
  class space    used 2280K, committed 2432K, reserved 1048576K
}

Dll operation events (14 events):
Event: 0.020 Loaded shared library C:\Program Files\Java\jdk-24\bin\java.dll
Event: 0.075 Loaded shared library C:\Program Files\Java\jdk-24\bin\jsvml.dll
Event: 0.153 Loaded shared library C:\Program Files\Java\jdk-24\bin\net.dll
Event: 0.157 Loaded shared library C:\Program Files\Java\jdk-24\bin\nio.dll
Event: 0.206 Loaded shared library C:\Program Files\Java\jdk-24\bin\zip.dll
Event: 0.276 Loaded shared library C:\Program Files\Java\jdk-24\bin\jimage.dll
Event: 0.296 Loaded shared library C:\Program Files\Java\jdk-24\bin\awt.dll
Event: 0.854 Loaded shared library C:\Program Files\Java\jdk-24\bin\javajpeg.dll
Event: 1.081 Loaded shared library C:\Program Files\Java\jdk-24\bin\freetype.dll
Event: 1.083 Loaded shared library C:\Program Files\Java\jdk-24\bin\fontmanager.dll
Event: 2.245 Loaded shared library C:\Program Files\Java\jdk-24\bin\prefs.dll
Event: 4.090 Loaded shared library C:\Program Files\Java\jdk-24\bin\extnet.dll
Event: 4.490 Loaded shared library C:\Program Files\Java\jdk-24\bin\sunmscapi.dll
Event: 5.156 Loaded shared library C:\Program Files\Java\jdk-24\bin\verify.dll

Deoptimization events (20 events):
Event: 7.494 Thread 0x00000277df57e910 Uncommon trap: trap_request=0xffffffde fr.pc=0x00000277903cd46c relative=0x0000000000000bcc
Event: 7.494 Thread 0x00000277df57e910 Uncommon trap: reason=class_check action=maybe_recompile pc=0x00000277903cd46c method=javax.swing.RepaintManager.addDirtyRegion0(Ljava/awt/Container;IIII)V @ 99 c2
Event: 7.494 Thread 0x00000277df57e910 DEOPT PACKING pc=0x00000277903cd46c sp=0x000000ad6d9fe7d0
Event: 7.494 Thread 0x00000277df57e910 DEOPT UNPACKING pc=0x000002778fe255fc sp=0x000000ad6d9fe668 mode 2
Event: 7.495 Thread 0x00000277df57e910 Uncommon trap: trap_request=0xffffffde fr.pc=0x00000277903cd46c relative=0x0000000000000bcc
Event: 7.495 Thread 0x00000277df57e910 Uncommon trap: reason=class_check action=maybe_recompile pc=0x00000277903cd46c method=javax.swing.RepaintManager.addDirtyRegion0(Ljava/awt/Container;IIII)V @ 99 c2
Event: 7.495 Thread 0x00000277df57e910 DEOPT PACKING pc=0x00000277903cd46c sp=0x000000ad6d9fe5a0
Event: 7.495 Thread 0x00000277df57e910 DEOPT UNPACKING pc=0x000002778fe255fc sp=0x000000ad6d9fe438 mode 2
Event: 7.495 Thread 0x00000277df57e910 Uncommon trap: trap_request=0xffffffde fr.pc=0x00000277903cbf94 relative=0x00000000000008b4
Event: 7.495 Thread 0x00000277df57e910 Uncommon trap: reason=class_check action=maybe_recompile pc=0x00000277903cbf94 method=javax.swing.RepaintManager.addDirtyRegion0(Ljava/awt/Container;IIII)V @ 99 c2
Event: 7.495 Thread 0x00000277df57e910 DEOPT PACKING pc=0x00000277903cbf94 sp=0x000000ad6d9fe4e0
Event: 7.495 Thread 0x00000277df57e910 DEOPT UNPACKING pc=0x000002778fe255fc sp=0x000000ad6d9fe428 mode 2
Event: 8.169 Thread 0x00000277df57e910 Uncommon trap: trap_request=0xffffff4d fr.pc=0x00000277902f762c relative=0x00000000000004ec
Event: 8.169 Thread 0x00000277df57e910 Uncommon trap: reason=unstable_if action=reinterpret pc=0x00000277902f762c method=java.lang.String.substring(II)Ljava/lang/String; @ 31 c2
Event: 8.169 Thread 0x00000277df57e910 DEOPT PACKING pc=0x00000277902f762c sp=0x000000ad6d9fcea0
Event: 8.169 Thread 0x00000277df57e910 DEOPT UNPACKING pc=0x000002778fe255fc sp=0x000000ad6d9fce70 mode 2
Event: 8.169 Thread 0x00000277df57e910 Uncommon trap: trap_request=0xffffff4d fr.pc=0x00000277902ceb70 relative=0x00000000000000d0
Event: 8.169 Thread 0x00000277df57e910 Uncommon trap: reason=unstable_if action=reinterpret pc=0x00000277902ceb70 method=java.lang.String.getBytes([BIB)V @ 5 c2
Event: 8.169 Thread 0x00000277df57e910 DEOPT PACKING pc=0x00000277902ceb70 sp=0x000000ad6d9fccb0
Event: 8.169 Thread 0x00000277df57e910 DEOPT UNPACKING pc=0x000002778fe255fc sp=0x000000ad6d9fcc58 mode 2

Classes loaded (20 events):
Event: 9.406 Loading class java/lang/Throwable$WrappedPrintStream
Event: 9.406 Loading class java/lang/Throwable$PrintStreamOrWriter
Event: 9.406 Loading class java/lang/Throwable$PrintStreamOrWriter done
Event: 9.406 Loading class java/lang/Throwable$WrappedPrintStream done
Event: 13.170 Loading class sun/awt/DebugSettings
Event: 13.171 Loading class sun/awt/DebugSettings done
Event: 13.172 Loading class javax/swing/JComponent$KeyboardState
Event: 13.172 Loading class javax/swing/JComponent$KeyboardState done
Event: 13.173 Loading class javax/swing/JComponent$IntVector
Event: 13.173 Loading class javax/swing/JComponent$IntVector done
Event: 13.173 Loading class javax/swing/JMenuBar
Event: 13.174 Loading class javax/swing/JMenuBar done
Event: 13.175 Loading class javax/swing/Popup$HeavyWeightWindow
Event: 13.175 Loading class javax/swing/JWindow
Event: 13.175 Loading class javax/swing/JWindow done
Event: 13.176 Loading class javax/swing/Popup$HeavyWeightWindow done
Event: 13.819 Loading class java/awt/desktop/SystemSleepListener
Event: 13.820 Loading class java/awt/desktop/SystemEventListener
Event: 13.821 Loading class java/awt/desktop/SystemEventListener done
Event: 13.821 Loading class java/awt/desktop/SystemSleepListener done

Classes unloaded (0 events):
No events

Classes redefined (0 events):
No events

Internal exceptions (20 events):
Event: 6.224 Thread 0x00000277df57e910 Exception <a 'java/io/IOException'{0x0000000744b1f2e0}> (0x0000000744b1f2e0) 
thrown [s\open\src\hotspot\share\prims\jni.cpp, line 518]
Event: 6.255 Thread 0x00000277df57e910 Exception <a 'java/io/IOException'{0x0000000744b860e8}> (0x0000000744b860e8) 
thrown [s\open\src\hotspot\share\prims\jni.cpp, line 518]
Event: 6.350 Thread 0x00000277df57e910 Exception <a 'java/io/IOException'{0x00000007ffebce10}> (0x00000007ffebce10) 
thrown [s\open\src\hotspot\share\prims\jni.cpp, line 518]
Event: 6.384 Thread 0x00000277df57e910 Exception <a 'java/io/IOException'{0x00000007fff1e008}> (0x00000007fff1e008) 
thrown [s\open\src\hotspot\share\prims\jni.cpp, line 518]
Event: 6.415 Thread 0x00000277df57e910 Exception <a 'java/io/IOException'{0x00000007fff7ecf0}> (0x00000007fff7ecf0) 
thrown [s\open\src\hotspot\share\prims\jni.cpp, line 518]
Event: 6.446 Thread 0x00000277df57e910 Exception <a 'java/io/IOException'{0x00000007fffdfa90}> (0x00000007fffdfa90) 
thrown [s\open\src\hotspot\share\prims\jni.cpp, line 518]
Event: 6.477 Thread 0x00000277df57e910 Exception <a 'java/io/IOException'{0x000000074dc40798}> (0x000000074dc40798) 
thrown [s\open\src\hotspot\share\prims\jni.cpp, line 518]
Event: 6.647 Thread 0x00000277df57e910 Exception <a 'java/io/IOException'{0x000000074da2fa00}> (0x000000074da2fa00) 
thrown [s\open\src\hotspot\share\prims\jni.cpp, line 518]
Event: 6.709 Thread 0x00000277df57e910 Exception <a 'java/io/IOException'{0x000000074daf0768}> (0x000000074daf0768) 
thrown [s\open\src\hotspot\share\prims\jni.cpp, line 518]
Event: 6.827 Thread 0x00000277df57e910 Exception <a 'java/io/IOException'{0x000000074d8770b8}> (0x000000074d8770b8) 
thrown [s\open\src\hotspot\share\prims\jni.cpp, line 518]
Event: 6.857 Thread 0x00000277df57e910 Exception <a 'java/io/IOException'{0x000000074d8d80b8}> (0x000000074d8d80b8) 
thrown [s\open\src\hotspot\share\prims\jni.cpp, line 518]
Event: 6.913 Thread 0x00000277df57e910 Exception <a 'java/io/IOException'{0x000000074d998038}> (0x000000074d998038) 
thrown [s\open\src\hotspot\share\prims\jni.cpp, line 518]
Event: 6.997 Thread 0x00000277df57e910 Exception <a 'java/io/IOException'{0x00000007452b7df8}> (0x00000007452b7df8) 
thrown [s\open\src\hotspot\share\prims\jni.cpp, line 518]
Event: 7.022 Thread 0x00000277df57e910 Exception <a 'java/io/IOException'{0x0000000745318988}> (0x0000000745318988) 
thrown [s\open\src\hotspot\share\prims\jni.cpp, line 518]
Event: 7.045 Thread 0x00000277df57e910 Exception <a 'java/net/SocketException'{0x0000000745379670}: Connection reset by peer: shutdown> (0x0000000745379670) 
thrown [s\open\src\hotspot\share\prims\jni.cpp, line 536]
Event: 7.067 Thread 0x00000277df57e910 Exception <a 'java/io/IOException'{0x00000007453d8f28}> (0x00000007453d8f28) 
thrown [s\open\src\hotspot\share\prims\jni.cpp, line 518]
Event: 7.139 Thread 0x00000277df57e910 Exception <a 'java/io/IOException'{0x00000007450f83b0}> (0x00000007450f83b0) 
thrown [s\open\src\hotspot\share\prims\jni.cpp, line 518]
Event: 7.184 Thread 0x00000277df57e910 Exception <a 'java/io/IOException'{0x00000007451b8450}> (0x00000007451b8450) 
thrown [s\open\src\hotspot\share\prims\jni.cpp, line 518]
Event: 7.322 Thread 0x00000277df57e910 Exception <a 'java/lang/NoSuchMethodError'{0x0000000744f79b60}: 'int java.lang.invoke.DirectMethodHandle$Holder.invokeVirtual(java.lang.Object, java.lang.Object)'> (0x0000000744f79b60) 
thrown [s\open\src\hotspot\share\interpreter\linkResolver.cpp, line 805]
Event: 7.327 Thread 0x00000277df57e910 Implicit null exception at 0x00000277902d5cf0 to 0x00000277902d5e1c

VM Operations (20 events):
Event: 5.214 Executing VM operation: HandshakeAllThreads (Deoptimize)
Event: 5.214 Executing VM operation: HandshakeAllThreads (Deoptimize) done
Event: 5.324 Executing VM operation: CollectForMetadataAllocation (Metadata GC Threshold)
Event: 5.336 Executing VM operation: CollectForMetadataAllocation (Metadata GC Threshold) done
Event: 5.347 Executing VM operation: G1PauseRemark
Event: 5.350 Executing VM operation: G1PauseRemark done
Event: 5.352 Executing VM operation: G1PauseCleanup
Event: 5.353 Executing VM operation: G1PauseCleanup done
Event: 5.371 Executing VM operation: HandshakeAllThreads (Deoptimize)
Event: 5.372 Executing VM operation: HandshakeAllThreads (Deoptimize) done
Event: 5.624 Executing VM operation: G1CollectForAllocation (G1 Evacuation Pause)
Event: 5.635 Executing VM operation: G1CollectForAllocation (G1 Evacuation Pause) done
Event: 5.686 Executing VM operation: HandshakeAllThreads (Deoptimize)
Event: 5.686 Executing VM operation: HandshakeAllThreads (Deoptimize) done
Event: 6.296 Executing VM operation: G1CollectForAllocation (G1 Evacuation Pause)
Event: 6.303 Executing VM operation: G1CollectForAllocation (G1 Evacuation Pause) done
Event: 7.216 Executing VM operation: HandshakeAllThreads (Deoptimize)
Event: 7.216 Executing VM operation: HandshakeAllThreads (Deoptimize) done
Event: 7.517 Executing VM operation: G1TryInitiateConcMark (G1 Humongous Allocation)
Event: 7.523 Executing VM operation: G1TryInitiateConcMark (G1 Humongous Allocation) done

Memory protections (0 events):
No events

Nmethod flushes (0 events):
No events

Events (20 events):
Event: 0.072 Thread 0x00000277f81bce80 Thread added: 0x00000277fe619670
Event: 0.072 Thread 0x00000277f81bce80 Thread added: 0x00000277fe616ae0
Event: 0.132 Thread 0x00000277f81bce80 Thread added: 0x000002779986b950
Event: 0.197 Thread 0x00000277f81bce80 Thread added: 0x000002779998fcd0
Event: 0.396 Thread 0x00000277f81bce80 Thread added: 0x0000027799beb1e0
Event: 0.398 Thread 0x00000277f81bce80 Thread added: 0x0000027799bee3e0
Event: 0.399 Thread 0x00000277f81bce80 Thread added: 0x00000277df3c4ac0
Event: 0.711 Thread 0x00000277f81bce80 Thread added: 0x00000277df1bece0
Event: 0.943 Thread 0x00000277f81bce80 Thread added: 0x00000277df57e910
Event: 1.453 Thread 0x00000277f81bce80 Thread exited: 0x00000277f81bce80
Event: 1.453 Thread 0x00000277df6c2310 Thread added: 0x00000277df6c2310
Event: 1.504 Thread 0x00000277df57e910 Thread added: 0x00000277df6c0d20
Event: 3.743 Thread 0x00000277df57e910 Thread added: 0x00000277df6c2a60
Event: 3.897 Thread 0x00000277fe616ae0 Thread added: 0x00000277df7d9410
Event: 4.080 Thread 0x00000277df7d9410 Thread exited: 0x00000277df7d9410
Event: 4.602 Thread 0x00000277fe616ae0 Thread added: 0x00000277e0b2c220
Event: 5.676 Thread 0x00000277e0b2c220 Thread exited: 0x00000277e0b2c220
Event: 5.794 Thread 0x00000277fe616ae0 Thread added: 0x00000277e10cd3e0
Event: 7.828 Thread 0x00000277e10cd3e0 Thread exited: 0x00000277e10cd3e0
Event: 12.300 Thread 0x00000277df1bece0 Thread exited: 0x00000277df1bece0


Dynamic libraries:
0x00007ff64a080000 - 0x00007ff64a090000 	C:\Program Files\Java\jdk-24\bin\java.exe
0x00007ffb1e000000 - 0x00007ffb1e263000 	C:\WINDOWS\SYSTEM32\ntdll.dll
0x00007ffb1be50000 - 0x00007ffb1bf17000 	C:\WINDOWS\System32\KERNEL32.DLL
0x00007ffb1b380000 - 0x00007ffb1b749000 	C:\WINDOWS\System32\KERNELBASE.dll
0x00007ffb1bca0000 - 0x00007ffb1bdec000 	C:\WINDOWS\System32\ucrtbase.dll
0x00007ffb0c4a0000 - 0x00007ffb0c4bb000 	C:\Program Files\Java\jdk-24\bin\VCRUNTIME140.dll
0x00007ffb162f0000 - 0x00007ffb16306000 	C:\Program Files\Java\jdk-24\bin\jli.dll
0x00007ffb1d0a0000 - 0x00007ffb1d26a000 	C:\WINDOWS\System32\USER32.dll
0x00007ffb089b0000 - 0x00007ffb08c40000 	C:\WINDOWS\WinSxS\amd64_microsoft.windows.common-controls_6595b64144ccf1df_6.0.26100.3323_none_3e088096e3344490\COMCTL32.dll
0x00007ffb1bdf0000 - 0x00007ffb1be17000 	C:\WINDOWS\System32\win32u.dll
0x00007ffb1d6c0000 - 0x00007ffb1d769000 	C:\WINDOWS\System32\msvcrt.dll
0x00007ffb1be20000 - 0x00007ffb1be4a000 	C:\WINDOWS\System32\GDI32.dll
0x00007ffb1b960000 - 0x00007ffb1ba91000 	C:\WINDOWS\System32\gdi32full.dll
0x00007ffb1b810000 - 0x00007ffb1b8b3000 	C:\WINDOWS\System32\msvcp_win.dll
0x00007ffb1d5d0000 - 0x00007ffb1d5ff000 	C:\WINDOWS\System32\IMM32.DLL
0x00007ffb157a0000 - 0x00007ffb157ac000 	C:\Program Files\Java\jdk-24\bin\vcruntime140_1.dll
0x00007ffabbe00000 - 0x00007ffabbe8e000 	C:\Program Files\Java\jdk-24\bin\msvcp140.dll
0x00007ffab0120000 - 0x00007ffab0ec2000 	C:\Program Files\Java\jdk-24\bin\server\jvm.dll
0x00007ffb1d410000 - 0x00007ffb1d4c2000 	C:\WINDOWS\System32\ADVAPI32.dll
0x00007ffb1d610000 - 0x00007ffb1d6b6000 	C:\WINDOWS\System32\sechost.dll
0x00007ffb1c3c0000 - 0x00007ffb1c4d6000 	C:\WINDOWS\System32\RPCRT4.dll
0x00007ffb1d4d0000 - 0x00007ffb1d544000 	C:\WINDOWS\System32\WS2_32.dll
0x00007ffb1b090000 - 0x00007ffb1b0de000 	C:\WINDOWS\SYSTEM32\POWRPROF.dll
0x00007ffb14510000 - 0x00007ffb1451b000 	C:\WINDOWS\SYSTEM32\VERSION.dll
0x00007ffae8e50000 - 0x00007ffae8e86000 	C:\WINDOWS\SYSTEM32\WINMM.dll
0x00007ffb1b070000 - 0x00007ffb1b084000 	C:\WINDOWS\SYSTEM32\UMPDC.dll
0x00007ffb1a020000 - 0x00007ffb1a03a000 	C:\WINDOWS\SYSTEM32\kernel.appcore.dll
0x00007ffb0c430000 - 0x00007ffb0c43a000 	C:\Program Files\Java\jdk-24\bin\jimage.dll
0x00007ffb01d90000 - 0x00007ffb01fd1000 	C:\WINDOWS\SYSTEM32\DBGHELP.DLL
0x00007ffb1c030000 - 0x00007ffb1c3b2000 	C:\WINDOWS\System32\combase.dll
0x00007ffb1dee0000 - 0x00007ffb1dfb6000 	C:\WINDOWS\System32\OLEAUT32.dll
0x00007ffb01c50000 - 0x00007ffb01c89000 	C:\WINDOWS\SYSTEM32\dbgcore.DLL
0x00007ffb1b8c0000 - 0x00007ffb1b959000 	C:\WINDOWS\System32\bcryptPrimitives.dll
0x00007ffb0c440000 - 0x00007ffb0c45e000 	C:\Program Files\Java\jdk-24\bin\java.dll
0x00007ffb1d270000 - 0x00007ffb1d405000 	C:\WINDOWS\System32\ole32.dll
0x00007ffb1c640000 - 0x00007ffb1cd55000 	C:\WINDOWS\System32\SHELL32.dll
0x00007ffb1bb30000 - 0x00007ffb1bc98000 	C:\WINDOWS\System32\wintypes.dll
0x00007ffb18f20000 - 0x00007ffb19765000 	C:\WINDOWS\SYSTEM32\windows.storage.dll
0x00007ffb1dc80000 - 0x00007ffb1dd6b000 	C:\WINDOWS\System32\SHCORE.dll
0x00007ffb1dc00000 - 0x00007ffb1dc5d000 	C:\WINDOWS\System32\shlwapi.dll
0x00007ffb1b110000 - 0x00007ffb1b13f000 	C:\WINDOWS\SYSTEM32\profapi.dll
0x00007ffabbe90000 - 0x00007ffabbf67000 	C:\Program Files\Java\jdk-24\bin\jsvml.dll
0x00007ffb0c420000 - 0x00007ffb0c430000 	C:\Program Files\Java\jdk-24\bin\net.dll
0x00007ffb1a540000 - 0x00007ffb1a5aa000 	C:\WINDOWS\system32\mswsock.dll
0x00007ffb0b220000 - 0x00007ffb0b236000 	C:\Program Files\Java\jdk-24\bin\nio.dll
0x00007ffadbae0000 - 0x00007ffadbaf7000 	C:\Program Files\Java\jdk-24\bin\zip.dll
0x00007ffaaffa0000 - 0x00007ffab011f000 	C:\Program Files\Java\jdk-24\bin\awt.dll
0x00007ffb18340000 - 0x00007ffb183dc000 	C:\WINDOWS\SYSTEM32\apphelp.dll
0x00007ffb188a0000 - 0x00007ffb188d5000 	C:\WINDOWS\system32\DWMAPI.DLL
0x00007ffb18550000 - 0x00007ffb185fe000 	C:\WINDOWS\system32\uxtheme.dll
0x00007ffaf8f40000 - 0x00007ffaf904c000 	C:\WINDOWS\system32\opengl32.dll
0x00007ffb07200000 - 0x00007ffb0722d000 	C:\WINDOWS\SYSTEM32\GLU32.dll
0x00007ffb186f0000 - 0x00007ffb18737000 	C:\WINDOWS\SYSTEM32\dxcore.dll
0x00007ffb1c4e0000 - 0x00007ffb1c63b000 	C:\WINDOWS\System32\MSCTF.dll
0x00007ffb06ea0000 - 0x00007ffb06ece000 	C:\Program Files\Java\jdk-24\bin\javajpeg.dll
0x00007ffaaff10000 - 0x00007ffaaff97000 	C:\Program Files\Java\jdk-24\bin\freetype.dll
0x00007ffaafe30000 - 0x00007ffaaff07000 	C:\Program Files\Java\jdk-24\bin\fontmanager.dll
0x00007ffb1cd60000 - 0x00007ffb1ce08000 	C:\WINDOWS\System32\clbcatq.dll
0x00007ffb166f0000 - 0x00007ffb1691e000 	C:\WINDOWS\SYSTEM32\WindowsCodecs.dll
0x00007ffaf7e50000 - 0x00007ffaf7eaa000 	C:\WINDOWS\system32\dataexchange.dll
0x00007ffb0e9a0000 - 0x00007ffb0ebdb000 	C:\WINDOWS\system32\twinapi.appcore.dll
0x00007ffb0bbb0000 - 0x00007ffb0bcf6000 	C:\WINDOWS\SYSTEM32\textinputframework.dll
0x00007ffb17f60000 - 0x00007ffb18086000 	C:\WINDOWS\SYSTEM32\CoreMessaging.dll
0x00007ffb149c0000 - 0x00007ffb14ca3000 	C:\WINDOWS\SYSTEM32\CoreUIComponents.dll
0x00007ffb1a800000 - 0x00007ffb1a80c000 	C:\WINDOWS\SYSTEM32\CRYPTBASE.DLL
0x00007ffb162e0000 - 0x00007ffb162e9000 	C:\Program Files\Java\jdk-24\bin\prefs.dll
0x00007ffb19af0000 - 0x00007ffb19c15000 	C:\WINDOWS\SYSTEM32\DNSAPI.dll
0x00007ffb19a60000 - 0x00007ffb19a93000 	C:\WINDOWS\SYSTEM32\IPHLPAPI.DLL
0x00007ffb1bf20000 - 0x00007ffb1bf2a000 	C:\WINDOWS\System32\NSI.dll
0x00007ffb0a0b0000 - 0x00007ffb0a0bb000 	C:\Windows\System32\rasadhlp.dll
0x00007ffb0ebe0000 - 0x00007ffb0ec65000 	C:\WINDOWS\System32\fwpuclnt.dll
0x00007ffb01250000 - 0x00007ffb01259000 	C:\Program Files\Java\jdk-24\bin\extnet.dll
0x00007ffb1a7e0000 - 0x00007ffb1a7fc000 	C:\WINDOWS\SYSTEM32\CRYPTSP.dll
0x00007ffb19f80000 - 0x00007ffb19fba000 	C:\WINDOWS\system32\rsaenh.dll
0x00007ffb1a5e0000 - 0x00007ffb1a60b000 	C:\WINDOWS\SYSTEM32\USERENV.dll
0x00007ffb1a9b0000 - 0x00007ffb1a9d6000 	C:\WINDOWS\SYSTEM32\bcrypt.dll
0x00007ffb126d0000 - 0x00007ffb126de000 	C:\Program Files\Java\jdk-24\bin\sunmscapi.dll
0x00007ffb1b200000 - 0x00007ffb1b377000 	C:\WINDOWS\System32\CRYPT32.dll
0x00007ffb1a970000 - 0x00007ffb1a9a0000 	C:\WINDOWS\SYSTEM32\ncrypt.dll
0x00007ffb1a920000 - 0x00007ffb1a95f000 	C:\WINDOWS\SYSTEM32\NTASN1.dll
0x00007ffb020f0000 - 0x00007ffb02100000 	C:\Program Files\Java\jdk-24\bin\verify.dll

dbghelp: loaded successfully - version: 4.0.5 - missing functions: none
symbol engine: initialized successfully - sym options: 0x614 - pdb path: .;C:\Program Files\Java\jdk-24\bin;C:\WINDOWS\SYSTEM32;C:\WINDOWS\WinSxS\amd64_microsoft.windows.common-controls_6595b64144ccf1df_6.0.26100.3323_none_3e088096e3344490;C:\Program Files\Java\jdk-24\bin\server

VM Arguments:
jvm_args: -Dfile.encoding=UTF-8 --module-path=C:\Users\PC\Documents\NetBeansProjects\Main System\build\classes 
java_command: main.system.MainSystem
java_class_path (initial): C:\Program Files\NetBeans-25\netbeans\java\modules\ext\AbsoluteLayout.jar;C:\Users\PC\Desktop\BACKUP\mysql-connector-j-9.2.0 (1)\mysql-connector-j-9.2.0\mysql-connector-j-9.2.0.jar;C:\Users\PC\Documents\NetBeansProjects\Main System\miglayout-4.0.jar;C:\Users\PC\Documents\NetBeansProjects\Main System\jcalendar-1.4\lib\jcalendar-1.4.jar;C:\Users\PC\Documents\NetBeansProjects\Main System\jfreechart-1.0.19\jfreechart-1.0.19\lib\jfreechart-1.0.19.jar;C:\Users\PC\Documents\NetBeansProjects\Main System\jfreechart-1.0.19\jfreechart-1.0.19\lib\jcommon-1.0.23.jar;C:\Users\PC\Documents\NetBeansProjects\Main System\iText7-Core-7.1.4\io-7.1.4.jar;C:\Users\PC\Documents\NetBeansProjects\Main System\iText7-Core-7.1.4\kernel-7.1.4.jar;C:\Users\PC\Documents\NetBeansProjects\Main System\iText7-Core-7.1.4\layout-7.1.4.jar;C:\Users\PC\Desktop\BACKUP\slf4j-simple-2.0.7.jar;C:\Users\PC\Desktop\BACKUP\slf4j-api-2.0.7.jar;C:\Users\PC\Desktop\BACKUP\pdfbox-2.0.26.jar;C:\Users\PC\Desktop\BACKUP\fontbox-2.0.26.jar;C:\Users\PC\Downloads\pdfa-7.1.4.jar;C:\Users\PC\Desktop\BACKUP\commons-logging-1.2.jar;C:\Users\PC\Downloads\font-asian-7.1.4.jar;C:\Users\PC\Documents\NetBeansProjects\Main System\build\classes
Launcher Type: SUN_STANDARD

[Global flags]
     intx CICompilerCount                          = 3                                         {product} {ergonomic}
     uint ConcGCThreads                            = 1                                         {product} {ergonomic}
     uint G1ConcRefinementThreads                  = 4                                         {product} {ergonomic}
   size_t G1HeapRegionSize                         = 2097152                                   {product} {ergonomic}
   size_t InitialHeapSize                          = 199229440                                 {product} {ergonomic}
   size_t MarkStackSize                            = 4194304                                   {product} {ergonomic}
   size_t MarkStackSizeMax                         = 536870912                                 {product} {ergonomic}
   size_t MaxHeapSize                              = 3175088128                                {product} {ergonomic}
   size_t MaxNewSize                               = 1904214016                                {product} {ergonomic}
   size_t MinHeapDeltaBytes                        = 2097152                                   {product} {ergonomic}
   size_t MinHeapSize                              = 8388608                                   {product} {ergonomic}
    uintx NonNMethodCodeHeapSize                   = 5832704                                {pd product} {ergonomic}
    uintx NonProfiledCodeHeapSize                  = 122945536                              {pd product} {ergonomic}
    uintx ProfiledCodeHeapSize                     = 122880000                              {pd product} {ergonomic}
    uintx ReservedCodeCacheSize                    = 251658240                              {pd product} {ergonomic}
     bool SegmentedCodeCache                       = true                                      {product} {ergonomic}
   size_t SoftMaxHeapSize                          = 3175088128                             {manageable} {ergonomic}
     bool UseCompressedOops                        = true                           {product lp64_product} {ergonomic}
     bool UseG1GC                                  = true                                      {product} {ergonomic}
     bool UseLargePagesIndividualAllocation        = false                                  {pd product} {ergonomic}

Logging:
Log output configuration:
 #0: stdout all=warning uptime,level,tags foldmultilines=false
 #1: stderr all=off uptime,level,tags foldmultilines=false

Environment Variables:
PATH=C:\Program Files\Common Files\Oracle\Java\javapath;C:\Program Files\Eclipse Adoptium\jdk-21.0.4.7-hotspot\bin;C:\WINDOWS\system32;C:\WINDOWS;C:\WINDOWS\System32\Wbem;C:\WINDOWS\System32\WindowsPowerShell\v1.0\;C:\WINDOWS\System32\OpenSSH\;C:\Users\PC\AppData\Local\Microsoft\WindowsApps;
USERNAME=PC
OS=Windows_NT
PROCESSOR_IDENTIFIER=Intel64 Family 6 Model 122 Stepping 1, GenuineIntel
TMP=C:\Users\PC\AppData\Local\Temp
TEMP=C:\Users\PC\AppData\Local\Temp




Periodic native trim disabled

---------------  S Y S T E M  ---------------

OS:
 Windows 11 , 64 bit Build 26100 (10.0.26100.3323)
OS uptime: 0 days 23:14 hours

CPU: total 4 (initial active 4) (4 cores per cpu, 1 threads per core) family 6 model 122 stepping 1 microcode 0x34, cx8, cmov, fxsr, mmx, 3dnowpref, sse, sse2, sse3, ssse3, sse4.1, sse4.2, popcnt, tsc, tscinvbit, aes, erms, clmul, sha, clflush, clflushopt, rdtscp, rdpid
Processor Information for the first 4 processors :
  Max Mhz: 1101, Current Mhz: 1101, Mhz Limit: 1101

Memory: 4k page, system-wide physical 12110M (5862M free)
TotalPageFile size 14542M (AvailPageFile size 7875M)
current process WorkingSet (physical memory assigned to process): 141M, peak: 157M
current process commit charge ("private bytes"): 163M, peak: 321M

vm_info: Java HotSpot(TM) 64-Bit Server VM (24+36-3646) for windows-amd64 JRE (24+36-3646), built on 2025-02-06T00:20:43Z with MS VC++ 17.6 (VS2022)

END.
